2023-05-18 10:48:05,777 - __main__ - INFO - Email sent! Average windspeed of 5.67 m/s from 9:00 to 12:00 on Thursday.
2023-05-18 10:48:29,348 - __main__ - INFO - Email sent! Average windspeed of 5.67 m/s from 9:00 to 12:00 on Thursday.
2023-05-23 13:01:47,466 - __main__ - INFO - Email sent. For forecast of average windspeed of 5.33 m/s from 10:00 to 13:00 on Tuesday.
2023-05-23 13:01:48,384 - __main__ - INFO - Email sent. For forecast of average windspeed of 5.58 m/s from 7:00 to 10:00 on Thursday.
2023-05-25 14:58:10,278 - __main__ - INFO - Email sent. For forecast of average windspeed of 6.42 m/s from 8:00 to 11:00 on Thursday.
2023-05-25 14:58:10,278 - __main__ - INFO - Email sent. For forecast of average windspeed of 6.42 m/s from 8:00 to 11:00 on Thursday.
2023-05-25 14:58:10,278 - __main__ - INFO - Email sent. For forecast of average windspeed of 6.42 m/s from 8:00 to 11:00 on Thursday.
2023-05-25 14:58:11,950 - __main__ - INFO - Email sent. For forecast of average windspeed of 7.00 m/s from 7:00 to 10:00 on Friday.
2023-05-25 14:58:11,950 - __main__ - INFO - Email sent. For forecast of average windspeed of 7.00 m/s from 7:00 to 10:00 on Friday.
2023-05-25 14:58:11,950 - __main__ - INFO - Email sent. For forecast of average windspeed of 7.00 m/s from 7:00 to 10:00 on Friday.
2023-05-25 14:58:13,487 - __main__ - INFO - Email sent. For forecast of average windspeed of 5.42 m/s from 11:00 to 14:00 on Saturday.
2023-05-25 14:58:13,487 - __main__ - INFO - Email sent. For forecast of average windspeed of 5.42 m/s from 11:00 to 14:00 on Saturday.
2023-05-25 14:58:13,487 - __main__ - INFO - Email sent. For forecast of average windspeed of 5.42 m/s from 11:00 to 14:00 on Saturday.
2023-06-08 20:14:46,845 - __main__ - INFO - Email sent. For forecast of average windspeed of 8.42 m/s from 16:00 to 19:00 on Saturday.
2023-06-25 20:18:29,935 - __main__ - INFO - Email sent. For forecast of average windspeed of 8.17 m/s from 9:00 to 12:00 on Monday.
2023-06-25 20:18:32,302 - __main__ - INFO - Email sent. For forecast of average windspeed of 9.08 m/s from 7:00 to 10:00 on Tuesday.
2023-06-26 20:19:02,883 - __main__ - INFO - Email sent. For forecast of average windspeed of 9.33 m/s from 7:00 to 10:00 on Tuesday.
2023-06-27 20:18:21,606 - __main__ - INFO - Email sent. For forecast of average windspeed of 8.42 m/s from 17:00 to 20:00 on Tuesday.
2023-06-29 20:17:41,112 - __main__ - INFO - Email sent. For forecast of average windspeed of 8.50 m/s from 7:00 to 10:00 on Saturday.
2023-06-30 20:17:39,283 - __main__ - INFO - Email sent. For forecast of average windspeed of 9.17 m/s from 7:00 to 10:00 on Saturday.
2023-06-30 20:17:40,166 - __main__ - INFO - Email sent. For forecast of average windspeed of 9.83 m/s from 7:00 to 10:00 on Sunday.
2023-07-01 20:16:51,231 - __main__ - INFO - Email sent. For forecast of average windspeed of 10.42 m/s from 7:00 to 10:00 on Sunday.
2023-07-01 20:16:52,084 - __main__ - INFO - Email sent. For forecast of average windspeed of 11.17 m/s from 7:00 to 10:00 on Monday.
2023-07-02 20:16:46,219 - __main__ - INFO - Email sent. For forecast of average windspeed of 11.58 m/s from 17:00 to 20:00 on Sunday.
2023-07-02 20:16:46,952 - __main__ - INFO - Email sent. For forecast of average windspeed of 10.42 m/s from 7:00 to 10:00 on Monday.
2023-07-02 20:16:47,634 - __main__ - INFO - Email sent. For forecast of average windspeed of 8.58 m/s from 7:00 to 10:00 on Tuesday.
2023-07-03 20:18:53,570 - __main__ - INFO - Email sent. For forecast of average windspeed of 9.92 m/s from 17:00 to 20:00 on Monday.
2023-07-03 20:18:54,828 - __main__ - INFO - Email sent. For forecast of average windspeed of 11.50 m/s from 7:00 to 10:00 on Tuesday.
2023-07-03 20:18:56,143 - __main__ - INFO - Email sent. For forecast of average windspeed of 8.25 m/s from 7:00 to 10:00 on Wednesday.
2023-07-04 20:18:51,171 - __main__ - INFO - Email sent. For forecast of average windspeed of 10.17 m/s from 17:00 to 20:00 on Tuesday.
2023-07-04 20:18:52,005 - __main__ - INFO - Email sent. For forecast of average windspeed of 9.58 m/s from 8:00 to 11:00 on Wednesday.
2023-07-04 20:18:52,886 - __main__ - INFO - Email sent. For forecast of average windspeed of 9.08 m/s from 7:00 to 10:00 on Thursday.
2023-07-05 20:19:20,742 - __main__ - INFO - Email sent. For forecast of average windspeed of 11.50 m/s from 17:00 to 20:00 on Wednesday.
2023-07-05 20:19:21,550 - __main__ - INFO - Email sent. For forecast of average windspeed of 9.92 m/s from 7:00 to 10:00 on Thursday.
2023-07-09 20:17:18,344 - __main__ - INFO - Email sent. For forecast of average windspeed of 8.17 m/s from 15:00 to 18:00 on Tuesday.
2023-07-10 20:18:30,281 - __main__ - INFO - Email sent. For forecast of average windspeed of 8.17 m/s from 16:00 to 19:00 on Tuesday.
2023-07-11 20:18:12,113 - __main__ - INFO - Email sent. For forecast of average windspeed of 9.08 m/s from 17:00 to 20:00 on Tuesday.
2023-07-13 20:18:40,345 - __main__ - INFO - Email sent. For forecast of average windspeed of 10.83 m/s from 7:00 to 10:00 on Saturday.
2023-07-14 20:18:19,672 - __main__ - INFO - Email sent. For forecast of average windspeed of 10.17 m/s from 7:00 to 10:00 on Saturday.
2023-07-14 20:18:20,460 - __main__ - INFO - Email sent. For forecast of average windspeed of 8.33 m/s from 11:00 to 14:00 on Sunday.
2023-07-15 20:17:18,219 - __main__ - INFO - Email sent. For forecast of average windspeed of 8.33 m/s from 10:00 to 13:00 on Sunday.
2023-07-15 20:17:19,260 - __main__ - INFO - Email sent. For forecast of average windspeed of 8.33 m/s from 9:00 to 12:00 on Monday.
2023-07-16 20:17:46,134 - __main__ - INFO - Email sent. For forecast of average windspeed of 8.25 m/s from 16:00 to 19:00 on Monday.
2023-07-16 20:17:47,122 - __main__ - INFO - Email sent. For forecast of average windspeed of 8.17 m/s from 7:00 to 10:00 on Tuesday.
2023-07-18 20:17:57,725 - __main__ - INFO - Email sent. For forecast of average windspeed of 8.50 m/s from 16:00 to 19:00 on Thursday.
2023-07-19 20:16:37,750 - __main__ - INFO - Email sent. For forecast of average windspeed of 8.08 m/s from 15:00 to 18:00 on Thursday.
2023-07-22 20:15:06,210 - __main__ - INFO - Email sent. For forecast of average windspeed of 9.08 m/s from 7:00 to 10:00 on Monday.
2023-07-23 20:15:11,244 - __main__ - INFO - Email sent. For forecast of average windspeed of 8.83 m/s from 7:00 to 10:00 on Monday.
2023-07-24 20:16:08,615 - __main__ - INFO - Email sent. For forecast of average windspeed of 8.25 m/s from 7:00 to 10:00 on Wednesday.
2023-07-29 20:14:27,478 - __main__ - INFO - Email sent. For forecast of average windspeed of 8.25 m/s from 14:00 to 17:00 on Sunday.
2023-07-29 20:14:28,284 - __main__ - INFO - Email sent. For forecast of average windspeed of 8.25 m/s from 11:00 to 14:00 on Monday.
2023-07-30 20:15:03,761 - __main__ - INFO - Email sent. For forecast of average windspeed of 8.25 m/s from 11:00 to 14:00 on Monday.
2023-08-04 20:15:53,064 - __main__ - INFO - Email sent. For forecast of average windspeed of 8.67 m/s from 17:00 to 20:00 on Sunday.
2023-08-05 20:14:40,024 - __main__ - INFO - Email sent. For forecast of average windspeed of 14.83 m/s from 7:00 to 10:00 on Monday.
2023-08-06 20:14:43,212 - __main__ - INFO - Email sent. For forecast of average windspeed of 9.67 m/s from 17:00 to 20:00 on Sunday.
2023-08-06 20:14:44,968 - __main__ - INFO - Email sent. For forecast of average windspeed of 16.17 m/s from 7:00 to 10:00 on Monday.
2023-08-06 20:14:46,552 - __main__ - INFO - Email sent. For forecast of average windspeed of 15.92 m/s from 7:00 to 10:00 on Tuesday.
2023-08-07 20:16:07,020 - __main__ - INFO - Email sent. For forecast of average windspeed of 14.83 m/s from 17:00 to 20:00 on Monday.
2023-08-07 20:16:08,102 - __main__ - INFO - Email sent. For forecast of average windspeed of 14.75 m/s from 7:00 to 10:00 on Tuesday.
2023-08-07 20:16:09,503 - __main__ - INFO - Email sent. For forecast of average windspeed of 11.08 m/s from 7:00 to 10:00 on Wednesday.
2023-08-08 20:16:28,020 - __main__ - INFO - Email sent. For forecast of average windspeed of 10.83 m/s from 17:00 to 20:00 on Tuesday.
2023-08-08 20:16:29,494 - __main__ - INFO - Email sent. For forecast of average windspeed of 9.42 m/s from 7:00 to 10:00 on Wednesday.
2023-08-08 20:16:31,067 - __main__ - INFO - Email sent. For forecast of average windspeed of 8.67 m/s from 7:00 to 10:00 on Thursday.
2023-08-09 20:17:00,632 - __main__ - INFO - Email sent. For forecast of average windspeed of 9.25 m/s from 17:00 to 20:00 on Wednesday.
2023-08-09 20:17:01,596 - __main__ - INFO - Email sent. For forecast of average windspeed of 8.75 m/s from 7:00 to 10:00 on Thursday.
2023-08-25 20:16:00,322 - __main__ - INFO - Email sent. For forecast of average windspeed of 8.33 m/s from 11:00 to 14:00 on Saturday.
2023-09-15 20:16:20,319 - __main__ - INFO - Email sent. For forecast of average windspeed of 8.25 m/s from 16:00 to 19:00 on Sunday.
2023-09-16 20:14:43,601 - __main__ - INFO - Email sent. For forecast of average windspeed of 8.25 m/s from 17:00 to 20:00 on Sunday.
2023-09-16 20:14:44,625 - __main__ - INFO - Email sent. For forecast of average windspeed of 8.75 m/s from 7:00 to 10:00 on Monday.
2023-09-17 20:15:13,481 - __main__ - INFO - Email sent. For forecast of average windspeed of 8.50 m/s from 17:00 to 20:00 on Sunday.
2023-09-17 20:15:15,231 - __main__ - INFO - Email sent. For forecast of average windspeed of 10.83 m/s from 7:00 to 10:00 on Monday.
2023-09-17 20:15:16,970 - __main__ - INFO - Email sent. For forecast of average windspeed of 10.92 m/s from 7:00 to 10:00 on Tuesday.
2023-09-18 20:16:29,088 - __main__ - INFO - Email sent. For forecast of average windspeed of 11.17 m/s from 7:00 to 10:00 on Tuesday.
2023-09-18 20:16:30,020 - __main__ - INFO - Email sent. For forecast of average windspeed of 10.00 m/s from 7:00 to 10:00 on Wednesday.
2023-09-19 20:16:19,480 - __main__ - INFO - Email sent. For forecast of average windspeed of 11.50 m/s from 14:00 to 17:00 on Tuesday.
2023-09-19 20:16:21,115 - __main__ - INFO - Email sent. For forecast of average windspeed of 9.83 m/s from 7:00 to 10:00 on Wednesday.
2023-09-19 20:16:22,803 - __main__ - INFO - Email sent. For forecast of average windspeed of 10.00 m/s from 7:00 to 10:00 on Thursday.
2023-09-20 20:16:51,020 - __main__ - INFO - Email sent. For forecast of average windspeed of 8.33 m/s from 7:00 to 10:00 on Thursday.
2023-09-20 20:16:52,168 - __main__ - INFO - Email sent. For forecast of average windspeed of 8.50 m/s from 11:00 to 14:00 on Friday.
2023-09-21 20:14:44,988 - __main__ - INFO - Email sent. For forecast of average windspeed of 8.42 m/s from 7:00 to 10:00 on Saturday.
2023-09-22 20:15:56,954 - __main__ - INFO - Email sent. For forecast of average windspeed of 8.08 m/s from 10:00 to 13:00 on Saturday.
2023-09-23 20:14:50,587 - __main__ - INFO - Email sent. For forecast of average windspeed of 9.25 m/s from 7:00 to 10:00 on Monday.
2023-09-24 20:14:58,700 - __main__ - INFO - Email sent. For forecast of average windspeed of 9.83 m/s from 7:00 to 10:00 on Monday.
2023-09-28 20:14:59,031 - __main__ - INFO - Email sent. For forecast of average windspeed of 9.42 m/s from 7:00 to 10:00 on Saturday.
2023-09-29 20:16:19,668 - __main__ - INFO - Email sent. For forecast of average windspeed of 9.33 m/s from 7:00 to 10:00 on Saturday.
2023-09-30 20:15:00,599 - __main__ - INFO - Email sent. For forecast of average windspeed of 8.25 m/s from 14:00 to 17:00 on Saturday.
2023-10-01 20:15:18,547 - __main__ - INFO - Email sent. For forecast of average windspeed of 9.92 m/s from 7:00 to 10:00 on Tuesday.
2023-10-02 20:16:41,702 - __main__ - INFO - Email sent. For forecast of average windspeed of 9.75 m/s from 7:00 to 10:00 on Tuesday.
2023-10-02 20:16:42,793 - __main__ - INFO - Email sent. For forecast of average windspeed of 10.42 m/s from 7:00 to 10:00 on Wednesday.
2023-10-03 20:15:46,609 - __main__ - INFO - Email sent. For forecast of average windspeed of 11.58 m/s from 14:00 to 17:00 on Tuesday.
2023-10-03 20:15:47,296 - __main__ - INFO - Email sent. For forecast of average windspeed of 11.50 m/s from 7:00 to 10:00 on Wednesday.
2023-10-03 20:15:48,070 - __main__ - INFO - Email sent. For forecast of average windspeed of 11.75 m/s from 7:00 to 10:00 on Thursday.
2023-10-04 20:16:34,159 - __main__ - INFO - Email sent. For forecast of average windspeed of 8.75 m/s from 14:00 to 17:00 on Wednesday.
2023-10-04 20:16:35,117 - __main__ - INFO - Email sent. For forecast of average windspeed of 11.08 m/s from 7:00 to 10:00 on Thursday.
2023-10-04 20:16:35,914 - __main__ - INFO - Email sent. For forecast of average windspeed of 12.42 m/s from 7:00 to 10:00 on Friday.
2023-10-05 20:16:41,005 - __main__ - INFO - Email sent. For forecast of average windspeed of 11.75 m/s from 7:00 to 10:00 on Friday.
2023-10-05 20:16:41,927 - __main__ - INFO - Email sent. For forecast of average windspeed of 8.08 m/s from 7:00 to 10:00 on Saturday.
2023-10-06 20:16:15,781 - __main__ - INFO - Email sent. For forecast of average windspeed of 10.75 m/s from 14:00 to 17:00 on Friday.
2023-10-06 20:16:16,730 - __main__ - INFO - Email sent. For forecast of average windspeed of 8.08 m/s from 7:00 to 10:00 on Saturday.
2023-10-08 20:15:32,126 - __main__ - INFO - Email sent. For forecast of average windspeed of 8.92 m/s from 14:00 to 17:00 on Tuesday.
2023-10-09 20:15:57,284 - __main__ - INFO - Email sent. For forecast of average windspeed of 8.25 m/s from 14:00 to 17:00 on Tuesday.
2023-10-09 20:15:58,151 - __main__ - INFO - Email sent. For forecast of average windspeed of 8.42 m/s from 7:00 to 10:00 on Wednesday.
2023-10-10 20:14:39,465 - __main__ - INFO - Email sent. For forecast of average windspeed of 8.08 m/s from 15:00 to 18:00 on Tuesday.
2023-10-10 20:14:42,333 - __main__ - INFO - Email sent. For forecast of average windspeed of 8.92 m/s from 7:00 to 10:00 on Wednesday.
2023-10-10 20:14:46,706 - __main__ - INFO - Email sent. For forecast of average windspeed of 11.25 m/s from 7:00 to 10:00 on Thursday.
2023-10-11 20:16:49,987 - __main__ - INFO - Email sent. For forecast of average windspeed of 9.00 m/s from 14:00 to 17:00 on Wednesday.
2023-10-11 20:16:50,838 - __main__ - INFO - Email sent. For forecast of average windspeed of 11.00 m/s from 7:00 to 10:00 on Thursday.
2023-10-11 20:16:51,730 - __main__ - INFO - Email sent. For forecast of average windspeed of 10.58 m/s from 7:00 to 10:00 on Friday.
2023-10-12 20:14:54,446 - __main__ - INFO - Email sent. For forecast of average windspeed of 8.58 m/s from 14:00 to 17:00 on Thursday.
2023-10-12 20:14:55,284 - __main__ - INFO - Email sent. For forecast of average windspeed of 9.75 m/s from 7:00 to 10:00 on Friday.
2023-10-12 20:14:56,038 - __main__ - INFO - Email sent. For forecast of average windspeed of 12.58 m/s from 7:00 to 10:00 on Saturday.
2023-10-13 20:17:18,256 - __main__ - INFO - Email sent. For forecast of average windspeed of 11.50 m/s from 17:00 to 20:00 on Friday.
2023-10-13 20:17:19,753 - __main__ - INFO - Email sent. For forecast of average windspeed of 13.00 m/s from 7:00 to 10:00 on Saturday.
2023-10-13 20:17:21,408 - __main__ - INFO - Email sent. For forecast of average windspeed of 12.42 m/s from 7:00 to 10:00 on Sunday.
2023-10-14 20:15:21,294 - __main__ - INFO - Email sent. For forecast of average windspeed of 13.17 m/s from 14:00 to 17:00 on Saturday.
2023-10-14 20:15:22,469 - __main__ - INFO - Email sent. For forecast of average windspeed of 11.33 m/s from 7:00 to 10:00 on Sunday.
2023-10-15 20:15:33,034 - __main__ - INFO - Email sent. For forecast of average windspeed of 9.83 m/s from 17:00 to 20:00 on Sunday.
2023-10-17 20:16:49,429 - __main__ - INFO - Email sent. For forecast of average windspeed of 8.08 m/s from 17:00 to 20:00 on Tuesday.
2023-10-17 20:16:50,530 - __main__ - INFO - Email sent. For forecast of average windspeed of 12.17 m/s from 7:00 to 10:00 on Thursday.
2023-10-18 20:16:52,126 - __main__ - INFO - Email sent. For forecast of average windspeed of 13.00 m/s from 7:00 to 10:00 on Thursday.
2023-10-18 20:16:53,851 - __main__ - INFO - Email sent. For forecast of average windspeed of 14.25 m/s from 7:00 to 10:00 on Friday.
2023-10-19 20:17:03,859 - __main__ - INFO - Email sent. For forecast of average windspeed of 12.58 m/s from 17:00 to 20:00 on Thursday.
2023-10-19 20:17:05,499 - __main__ - INFO - Email sent. For forecast of average windspeed of 14.08 m/s from 7:00 to 10:00 on Friday.
2023-10-19 20:17:07,162 - __main__ - INFO - Email sent. For forecast of average windspeed of 9.25 m/s from 7:00 to 10:00 on Saturday.
2023-10-20 20:16:15,063 - __main__ - INFO - Email sent. For forecast of average windspeed of 17.17 m/s from 17:00 to 20:00 on Friday.
2023-10-20 20:16:15,946 - __main__ - INFO - Email sent. For forecast of average windspeed of 8.25 m/s from 7:00 to 10:00 on Saturday.
2023-10-20 20:16:16,676 - __main__ - INFO - Email sent. For forecast of average windspeed of 8.33 m/s from 13:00 to 16:00 on Sunday.
2023-10-21 20:15:14,708 - __main__ - INFO - Email sent. For forecast of average windspeed of 8.50 m/s from 16:00 to 19:00 on Sunday.
2023-10-22 20:14:59,681 - __main__ - INFO - Email sent. For forecast of average windspeed of 8.50 m/s from 7:00 to 10:00 on Tuesday.
2023-10-23 20:15:22,166 - __main__ - INFO - Email sent. For forecast of average windspeed of 8.08 m/s from 7:00 to 10:00 on Tuesday.
2023-10-23 20:15:23,110 - __main__ - INFO - Email sent. For forecast of average windspeed of 8.42 m/s from 7:00 to 10:00 on Wednesday.
2023-10-24 20:16:50,389 - __main__ - INFO - Email sent. For forecast of average windspeed of 11.75 m/s from 14:00 to 17:00 on Tuesday.
2023-10-24 20:16:51,399 - __main__ - INFO - Email sent. For forecast of average windspeed of 8.83 m/s from 7:00 to 10:00 on Wednesday.
2023-10-25 20:16:21,073 - __main__ - INFO - Email sent. For forecast of average windspeed of 8.83 m/s from 14:00 to 17:00 on Wednesday.
2023-10-26 20:16:32,393 - __main__ - INFO - Email sent. For forecast of average windspeed of 8.42 m/s from 7:00 to 10:00 on Saturday.
2023-10-27 20:16:20,046 - __main__ - INFO - Email sent. For forecast of average windspeed of 8.58 m/s from 14:00 to 17:00 on Saturday.
2023-10-27 20:16:21,459 - __main__ - INFO - Email sent. For forecast of average windspeed of 10.92 m/s from 7:00 to 10:00 on Sunday.
2023-10-28 20:14:50,290 - __main__ - INFO - Email sent. For forecast of average windspeed of 8.33 m/s from 14:00 to 17:00 on Saturday.
2023-10-28 20:14:51,115 - __main__ - INFO - Email sent. For forecast of average windspeed of 12.33 m/s from 7:00 to 10:00 on Sunday.
2023-10-28 20:14:51,919 - __main__ - INFO - Email sent. For forecast of average windspeed of 8.42 m/s from 7:00 to 10:00 on Monday.
2023-10-29 20:15:03,506 - __main__ - INFO - Email sent. For forecast of average windspeed of 8.25 m/s from 7:00 to 10:00 on Monday.
2023-10-29 20:15:04,977 - __main__ - INFO - Email sent. For forecast of average windspeed of 8.25 m/s from 9:00 to 12:00 on Tuesday.
2023-10-30 20:16:17,938 - __main__ - INFO - Email sent. For forecast of average windspeed of 8.75 m/s from 11:00 to 14:00 on Tuesday.
2023-10-30 20:16:19,404 - __main__ - INFO - Email sent. For forecast of average windspeed of 8.17 m/s from 12:00 to 15:00 on Wednesday.
2023-10-31 20:16:28,608 - __main__ - INFO - Email sent. For forecast of average windspeed of 10.17 m/s from 14:00 to 17:00 on Tuesday.
2023-10-31 20:16:29,399 - __main__ - INFO - Email sent. For forecast of average windspeed of 9.25 m/s from 12:00 to 15:00 on Wednesday.
2023-10-31 20:16:30,361 - __main__ - INFO - Email sent. For forecast of average windspeed of 8.42 m/s from 7:00 to 10:00 on Thursday.
2023-11-01 20:16:41,502 - __main__ - INFO - Email sent. For forecast of average windspeed of 8.83 m/s from 14:00 to 17:00 on Wednesday.
2023-11-01 20:16:42,704 - __main__ - INFO - Email sent. For forecast of average windspeed of 8.25 m/s from 7:00 to 10:00 on Thursday.
2023-11-02 20:16:42,356 - __main__ - INFO - Email sent. For forecast of average windspeed of 11.33 m/s from 17:00 to 20:00 on Thursday.
2023-11-02 20:16:43,274 - __main__ - INFO - Email sent. For forecast of average windspeed of 8.33 m/s from 8:00 to 11:00 on Saturday.
2023-11-03 20:17:20,345 - __main__ - INFO - Email sent. For forecast of average windspeed of 8.25 m/s from 15:00 to 18:00 on Saturday.
2023-11-04 20:15:09,461 - __main__ - INFO - Email sent. For forecast of average windspeed of 10.17 m/s from 17:00 to 20:00 on Saturday.
2023-11-04 20:15:10,775 - __main__ - INFO - Email sent. For forecast of average windspeed of 10.50 m/s from 7:00 to 10:00 on Monday.
2023-11-05 20:15:34,212 - __main__ - INFO - Email sent. For forecast of average windspeed of 8.50 m/s from 7:00 to 10:00 on Monday.
2023-11-05 20:15:35,766 - __main__ - INFO - Email sent. For forecast of average windspeed of 8.50 m/s from 11:00 to 14:00 on Tuesday.
2023-11-06 20:16:56,182 - __main__ - INFO - Email sent. For forecast of average windspeed of 9.33 m/s from 14:00 to 17:00 on Monday.
2023-11-06 20:16:57,918 - __main__ - INFO - Email sent. For forecast of average windspeed of 9.33 m/s from 7:00 to 10:00 on Tuesday.
2023-11-06 20:16:59,464 - __main__ - INFO - Email sent. For forecast of average windspeed of 8.58 m/s from 7:00 to 10:00 on Wednesday.
2023-11-07 20:16:28,453 - __main__ - INFO - Email sent. For forecast of average windspeed of 8.92 m/s from 7:00 to 10:00 on Wednesday.
2023-11-08 20:16:26,828 - __main__ - INFO - Email sent. For forecast of average windspeed of 8.92 m/s from 14:00 to 17:00 on Wednesday.
2023-11-11 20:15:13,929 - __main__ - INFO - Email sent. For forecast of average windspeed of 8.58 m/s from 15:00 to 18:00 on Monday.
2023-11-12 20:15:22,043 - __main__ - INFO - Email sent. For forecast of average windspeed of 8.25 m/s from 14:00 to 17:00 on Monday.
2023-11-13 20:15:38,609 - __main__ - INFO - Email sent. For forecast of average windspeed of 8.50 m/s from 14:00 to 17:00 on Monday.
2023-11-13 20:15:39,551 - __main__ - INFO - Email sent. For forecast of average windspeed of 11.92 m/s from 7:00 to 10:00 on Tuesday.
2023-11-15 20:17:19,213 - __main__ - INFO - Email sent. For forecast of average windspeed of 13.58 m/s from 7:00 to 10:00 on Thursday.
2023-11-16 20:17:13,024 - __main__ - INFO - Email sent. For forecast of average windspeed of 8.83 m/s from 14:00 to 17:00 on Thursday.
2023-11-17 20:17:24,483 - __main__ - INFO - Email sent. For forecast of average windspeed of 12.42 m/s from 7:00 to 10:00 on Sunday.
2023-11-18 20:15:49,302 - __main__ - INFO - Email sent. For forecast of average windspeed of 12.67 m/s from 7:00 to 10:00 on Sunday.
2023-11-18 20:15:49,928 - __main__ - INFO - Email sent. For forecast of average windspeed of 8.33 m/s from 15:00 to 18:00 on Monday.
2023-11-19 20:16:16,382 - __main__ - INFO - Email sent. For forecast of average windspeed of 8.58 m/s from 14:00 to 17:00 on Sunday.
2023-11-20 20:17:59,556 - __main__ - INFO - Email sent. For forecast of average windspeed of 8.08 m/s from 7:00 to 10:00 on Wednesday.
2023-11-21 20:15:51,298 - __main__ - INFO - Email sent. For forecast of average windspeed of 8.92 m/s from 8:00 to 11:00 on Wednesday.
2023-11-21 20:15:52,017 - __main__ - INFO - Email sent. For forecast of average windspeed of 11.92 m/s from 7:00 to 10:00 on Thursday.
2023-11-22 20:16:53,666 - __main__ - INFO - Email sent. For forecast of average windspeed of 15.00 m/s from 17:00 to 20:00 on Wednesday.
2023-11-22 20:16:54,798 - __main__ - INFO - Email sent. For forecast of average windspeed of 14.75 m/s from 7:00 to 10:00 on Thursday.
2023-11-22 20:16:55,784 - __main__ - INFO - Email sent. For forecast of average windspeed of 11.67 m/s from 7:00 to 10:00 on Friday.
2023-11-23 20:16:27,142 - __main__ - INFO - Email sent. For forecast of average windspeed of 14.08 m/s from 14:00 to 17:00 on Thursday.
2023-11-23 20:16:28,239 - __main__ - INFO - Email sent. For forecast of average windspeed of 9.92 m/s from 7:00 to 10:00 on Friday.
2023-11-26 20:15:56,601 - __main__ - INFO - Email sent. For forecast of average windspeed of 8.58 m/s from 15:00 to 18:00 on Monday.
2023-11-28 20:17:36,624 - __main__ - INFO - Email sent. For forecast of average windspeed of 9.67 m/s from 7:00 to 10:00 on Thursday.
2023-11-29 20:17:23,212 - __main__ - INFO - Email sent. For forecast of average windspeed of 8.58 m/s from 7:00 to 10:00 on Thursday.
2023-12-02 20:15:32,556 - __main__ - INFO - Email sent. For forecast of average windspeed of 8.17 m/s from 7:00 to 10:00 on Monday.
2023-12-03 20:16:00,280 - __main__ - INFO - Email sent. For forecast of average windspeed of 8.25 m/s from 17:00 to 20:00 on Monday.
2023-12-03 20:16:02,313 - __main__ - INFO - Email sent. For forecast of average windspeed of 12.17 m/s from 7:00 to 10:00 on Tuesday.
2023-12-04 20:17:12,075 - __main__ - INFO - Email sent. For forecast of average windspeed of 9.25 m/s from 7:00 to 10:00 on Tuesday.
2023-12-04 20:17:13,024 - __main__ - INFO - Email sent. For forecast of average windspeed of 10.00 m/s from 7:00 to 10:00 on Wednesday.
2023-12-05 20:17:55,313 - __main__ - INFO - Email sent. For forecast of average windspeed of 9.42 m/s from 14:00 to 17:00 on Tuesday.
2023-12-05 20:17:56,437 - __main__ - INFO - Email sent. For forecast of average windspeed of 9.75 m/s from 7:00 to 10:00 on Wednesday.
2023-12-06 20:17:21,872 - __main__ - INFO - Email sent. For forecast of average windspeed of 8.75 m/s from 7:00 to 10:00 on Friday.
2023-12-07 20:17:28,501 - __main__ - INFO - Email sent. For forecast of average windspeed of 8.42 m/s from 8:00 to 11:00 on Friday.
2023-12-08 20:17:27,471 - __main__ - INFO - Email sent. For forecast of average windspeed of 9.75 m/s from 14:00 to 17:00 on Friday.
2023-12-08 20:17:28,191 - __main__ - INFO - Email sent. For forecast of average windspeed of 8.17 m/s from 8:00 to 11:00 on Saturday.
2023-12-09 20:15:46,899 - __main__ - INFO - Email sent. For forecast of average windspeed of 9.08 m/s from 17:00 to 20:00 on Saturday.
2023-12-09 20:15:47,756 - __main__ - INFO - Email sent. For forecast of average windspeed of 8.67 m/s from 7:00 to 10:00 on Sunday.
2023-12-12 20:17:25,260 - __main__ - INFO - Email sent. For forecast of average windspeed of 8.25 m/s from 7:00 to 10:00 on Wednesday.
2023-12-14 20:17:46,150 - __main__ - INFO - Email sent. For forecast of average windspeed of 9.00 m/s from 7:00 to 10:00 on Saturday.
2023-12-15 20:17:23,796 - __main__ - INFO - Email sent. For forecast of average windspeed of 9.17 m/s from 7:00 to 10:00 on Saturday.
2023-12-15 20:17:24,704 - __main__ - INFO - Email sent. For forecast of average windspeed of 9.00 m/s from 7:00 to 10:00 on Sunday.
2023-12-16 20:15:59,728 - __main__ - INFO - Email sent. For forecast of average windspeed of 9.00 m/s from 14:00 to 17:00 on Saturday.
2023-12-16 20:16:00,608 - __main__ - INFO - Email sent. For forecast of average windspeed of 8.25 m/s from 9:00 to 12:00 on Sunday.
2023-12-16 20:16:01,995 - __main__ - INFO - Email sent. For forecast of average windspeed of 8.17 m/s from 7:00 to 10:00 on Monday.
2023-12-17 20:16:21,690 - __main__ - INFO - Email sent. For forecast of average windspeed of 11.42 m/s from 14:00 to 17:00 on Sunday.
2023-12-17 20:16:24,344 - __main__ - INFO - Email sent. For forecast of average windspeed of 8.75 m/s from 14:00 to 17:00 on Monday.
2023-12-18 20:16:26,022 - __main__ - INFO - Email sent. For forecast of average windspeed of 9.08 m/s from 15:00 to 18:00 on Monday.
2023-12-18 20:16:27,508 - __main__ - INFO - Email sent. For forecast of average windspeed of 9.67 m/s from 7:00 to 10:00 on Wednesday.
2023-12-19 20:14:30,445 - __main__ - INFO - Email sent. For forecast of average windspeed of 8.08 m/s from 9:00 to 12:00 on Wednesday.
2023-12-19 20:14:31,560 - __main__ - INFO - Email sent. For forecast of average windspeed of 12.42 m/s from 7:00 to 10:00 on Thursday.
2023-12-20 20:17:16,758 - __main__ - INFO - Email sent. For forecast of average windspeed of 9.75 m/s from 14:00 to 17:00 on Wednesday.
2023-12-20 20:17:18,169 - __main__ - INFO - Email sent. For forecast of average windspeed of 11.17 m/s from 7:00 to 10:00 on Thursday.
2023-12-20 20:17:20,334 - __main__ - INFO - Email sent. For forecast of average windspeed of 16.67 m/s from 7:00 to 10:00 on Friday.
2023-12-21 20:16:24,617 - __main__ - INFO - Email sent. For forecast of average windspeed of 13.17 m/s from 14:00 to 17:00 on Thursday.
2023-12-21 20:16:26,116 - __main__ - INFO - Email sent. For forecast of average windspeed of 16.25 m/s from 7:00 to 10:00 on Friday.
2023-12-21 20:16:27,533 - __main__ - INFO - Email sent. For forecast of average windspeed of 10.33 m/s from 7:00 to 10:00 on Saturday.
2023-12-22 20:16:41,998 - __main__ - INFO - Email sent. For forecast of average windspeed of 12.67 m/s from 14:00 to 17:00 on Friday.
2023-12-22 20:16:42,822 - __main__ - INFO - Email sent. For forecast of average windspeed of 9.00 m/s from 7:00 to 10:00 on Saturday.
2023-12-22 20:16:43,623 - __main__ - INFO - Email sent. For forecast of average windspeed of 8.67 m/s from 7:00 to 10:00 on Sunday.
2023-12-23 20:15:38,880 - __main__ - INFO - Email sent. For forecast of average windspeed of 8.58 m/s from 14:00 to 17:00 on Saturday.
2023-12-23 20:15:40,868 - __main__ - INFO - Email sent. For forecast of average windspeed of 9.58 m/s from 7:00 to 10:00 on Sunday.
2023-12-23 20:15:41,822 - __main__ - INFO - Email sent. For forecast of average windspeed of 17.58 m/s from 7:00 to 10:00 on Monday.
2023-12-24 20:16:04,025 - __main__ - INFO - Email sent. For forecast of average windspeed of 9.75 m/s from 14:00 to 17:00 on Sunday.
2023-12-24 20:16:04,815 - __main__ - INFO - Email sent. For forecast of average windspeed of 17.00 m/s from 7:00 to 10:00 on Monday.
2023-12-24 20:16:05,902 - __main__ - INFO - Email sent. For forecast of average windspeed of 11.17 m/s from 7:00 to 10:00 on Tuesday.
2023-12-25 20:16:40,559 - __main__ - INFO - Email sent. For forecast of average windspeed of 12.67 m/s from 14:00 to 17:00 on Monday.
2023-12-25 20:16:41,965 - __main__ - INFO - Email sent. For forecast of average windspeed of 14.25 m/s from 7:00 to 10:00 on Tuesday.
2023-12-25 20:16:43,230 - __main__ - INFO - Email sent. For forecast of average windspeed of 8.58 m/s from 17:00 to 20:00 on Wednesday.
2023-12-26 20:16:21,780 - __main__ - INFO - Email sent. For forecast of average windspeed of 8.83 m/s from 14:00 to 17:00 on Tuesday.
2023-12-26 20:16:23,505 - __main__ - INFO - Email sent. For forecast of average windspeed of 10.33 m/s from 7:00 to 10:00 on Thursday.
2023-12-27 20:16:27,531 - __main__ - INFO - Email sent. For forecast of average windspeed of 10.58 m/s from 7:00 to 10:00 on Thursday.
2023-12-27 20:16:29,095 - __main__ - INFO - Email sent. For forecast of average windspeed of 9.17 m/s from 7:00 to 10:00 on Friday.
2023-12-28 20:14:49,641 - __main__ - INFO - Email sent. For forecast of average windspeed of 10.58 m/s from 7:00 to 10:00 on Friday.
2023-12-28 20:14:50,777 - __main__ - INFO - Email sent. For forecast of average windspeed of 8.83 m/s from 7:00 to 10:00 on Saturday.
2023-12-29 20:16:12,776 - __main__ - INFO - Email sent. For forecast of average windspeed of 11.17 m/s from 14:00 to 17:00 on Friday.
2023-12-29 20:16:13,905 - __main__ - INFO - Email sent. For forecast of average windspeed of 8.33 m/s from 13:00 to 16:00 on Saturday.
2023-12-29 20:16:15,026 - __main__ - INFO - Email sent. For forecast of average windspeed of 8.67 m/s from 7:00 to 10:00 on Sunday.
2023-12-30 20:16:13,805 - __main__ - INFO - Email sent. For forecast of average windspeed of 9.00 m/s from 7:00 to 10:00 on Sunday.
2023-12-31 20:16:16,893 - __main__ - INFO - Email sent. For forecast of average windspeed of 12.50 m/s from 14:00 to 17:00 on Sunday.
2023-12-31 20:16:18,066 - __main__ - INFO - Email sent. For forecast of average windspeed of 8.33 m/s from 7:00 to 10:00 on Tuesday.
2024-01-01 20:16:26,858 - __main__ - INFO - Email sent. For forecast of average windspeed of 12.08 m/s from 7:00 to 10:00 on Tuesday.
2024-01-01 20:16:27,623 - __main__ - INFO - Email sent. For forecast of average windspeed of 13.92 m/s from 7:00 to 10:00 on Wednesday.
2024-01-02 20:16:43,611 - __main__ - INFO - Email sent. For forecast of average windspeed of 14.00 m/s from 17:00 to 20:00 on Tuesday.
2024-01-02 20:16:44,471 - __main__ - INFO - Email sent. For forecast of average windspeed of 15.83 m/s from 7:00 to 10:00 on Wednesday.
2024-01-02 20:16:45,274 - __main__ - INFO - Email sent. For forecast of average windspeed of 10.83 m/s from 7:00 to 10:00 on Thursday.
2024-01-03 20:16:15,960 - __main__ - INFO - Email sent. For forecast of average windspeed of 15.17 m/s from 14:00 to 17:00 on Wednesday.
2024-01-03 20:16:16,785 - __main__ - INFO - Email sent. For forecast of average windspeed of 10.00 m/s from 7:00 to 10:00 on Thursday.
2024-01-03 20:16:17,482 - __main__ - INFO - Email sent. For forecast of average windspeed of 8.17 m/s from 12:00 to 15:00 on Friday.
2024-01-04 20:16:58,197 - __main__ - INFO - Email sent. For forecast of average windspeed of 8.33 m/s from 14:00 to 17:00 on Friday.
2024-01-04 20:16:59,199 - __main__ - INFO - Email sent. For forecast of average windspeed of 9.00 m/s from 7:00 to 10:00 on Saturday.
2024-01-05 20:16:51,843 - __main__ - INFO - Email sent. For forecast of average windspeed of 8.25 m/s from 16:00 to 19:00 on Friday.
2024-01-07 20:16:31,623 - __main__ - INFO - Email sent. For forecast of average windspeed of 8.17 m/s from 16:00 to 19:00 on Sunday.
2024-01-11 20:18:33,705 - __main__ - INFO - Email sent. For forecast of average windspeed of 9.75 m/s from 7:00 to 10:00 on Saturday.
2024-01-12 20:17:36,424 - __main__ - INFO - Email sent. For forecast of average windspeed of 10.00 m/s from 7:00 to 10:00 on Saturday.
2024-01-12 20:17:37,128 - __main__ - INFO - Email sent. For forecast of average windspeed of 8.50 m/s from 13:00 to 16:00 on Sunday.
2024-01-13 20:16:30,705 - __main__ - INFO - Email sent. For forecast of average windspeed of 11.17 m/s from 14:00 to 17:00 on Saturday.
2024-01-13 20:16:31,338 - __main__ - INFO - Email sent. For forecast of average windspeed of 8.42 m/s from 15:00 to 18:00 on Sunday.
2024-01-14 20:16:40,278 - __main__ - INFO - Email sent. For forecast of average windspeed of 8.08 m/s from 14:00 to 17:00 on Sunday.
2024-01-14 20:16:41,179 - __main__ - INFO - Email sent. For forecast of average windspeed of 12.17 m/s from 7:00 to 10:00 on Monday.
2024-01-14 20:16:42,127 - __main__ - INFO - Email sent. For forecast of average windspeed of 8.17 m/s from 13:00 to 16:00 on Tuesday.
2024-01-15 20:17:09,987 - __main__ - INFO - Email sent. For forecast of average windspeed of 8.25 m/s from 17:00 to 20:00 on Tuesday.
2024-01-15 20:17:10,720 - __main__ - INFO - Email sent. For forecast of average windspeed of 13.08 m/s from 7:00 to 10:00 on Wednesday.
2024-01-16 20:17:58,982 - __main__ - INFO - Email sent. For forecast of average windspeed of 8.25 m/s from 15:00 to 18:00 on Tuesday.
2024-01-16 20:18:01,051 - __main__ - INFO - Email sent. For forecast of average windspeed of 14.33 m/s from 7:00 to 10:00 on Wednesday.
2024-01-16 20:18:01,880 - __main__ - INFO - Email sent. For forecast of average windspeed of 8.58 m/s from 10:00 to 13:00 on Thursday.
2024-01-17 20:17:43,663 - __main__ - INFO - Email sent. For forecast of average windspeed of 8.17 m/s from 15:00 to 18:00 on Thursday.
2024-01-17 20:17:44,770 - __main__ - INFO - Email sent. For forecast of average windspeed of 9.92 m/s from 7:00 to 10:00 on Friday.
2024-01-18 20:17:40,352 - __main__ - INFO - Email sent. For forecast of average windspeed of 9.00 m/s from 16:00 to 19:00 on Thursday.
2024-01-18 20:17:41,322 - __main__ - INFO - Email sent. For forecast of average windspeed of 9.25 m/s from 7:00 to 10:00 on Friday.
2024-01-19 20:17:46,298 - __main__ - INFO - Email sent. For forecast of average windspeed of 11.67 m/s from 7:00 to 10:00 on Saturday.
2024-01-19 20:17:46,943 - __main__ - INFO - Email sent. For forecast of average windspeed of 11.17 m/s from 7:00 to 10:00 on Sunday.
2024-01-20 20:16:29,277 - __main__ - INFO - Email sent. For forecast of average windspeed of 11.58 m/s from 7:00 to 10:00 on Sunday.
2024-01-20 20:16:30,125 - __main__ - INFO - Email sent. For forecast of average windspeed of 13.67 m/s from 7:00 to 10:00 on Monday.
2024-01-21 20:16:52,388 - __main__ - INFO - Email sent. For forecast of average windspeed of 9.42 m/s from 14:00 to 17:00 on Sunday.
2024-01-21 20:16:53,538 - __main__ - INFO - Email sent. For forecast of average windspeed of 13.92 m/s from 7:00 to 10:00 on Monday.
2024-01-21 20:16:54,555 - __main__ - INFO - Email sent. For forecast of average windspeed of 10.58 m/s from 7:00 to 10:00 on Tuesday.
2024-01-22 20:17:41,049 - __main__ - INFO - Email sent. For forecast of average windspeed of 8.50 m/s from 14:00 to 17:00 on Monday.
2024-01-22 20:17:42,147 - __main__ - INFO - Email sent. For forecast of average windspeed of 10.17 m/s from 7:00 to 10:00 on Tuesday.
2024-01-22 20:17:43,205 - __main__ - INFO - Email sent. For forecast of average windspeed of 14.08 m/s from 7:00 to 10:00 on Wednesday.
2024-01-23 20:18:04,196 - __main__ - INFO - Email sent. For forecast of average windspeed of 8.08 m/s from 14:00 to 17:00 on Tuesday.
2024-01-23 20:18:05,093 - __main__ - INFO - Email sent. For forecast of average windspeed of 13.67 m/s from 7:00 to 10:00 on Wednesday.
2024-01-23 20:18:06,070 - __main__ - INFO - Email sent. For forecast of average windspeed of 9.50 m/s from 7:00 to 10:00 on Thursday.
2024-01-24 20:18:07,429 - __main__ - INFO - Email sent. For forecast of average windspeed of 13.42 m/s from 14:00 to 17:00 on Wednesday.
2024-01-24 20:18:08,249 - __main__ - INFO - Email sent. For forecast of average windspeed of 9.33 m/s from 7:00 to 10:00 on Thursday.
2024-01-24 20:18:09,105 - __main__ - INFO - Email sent. For forecast of average windspeed of 11.75 m/s from 7:00 to 10:00 on Friday.
2024-01-25 20:15:44,501 - __main__ - INFO - Email sent. For forecast of average windspeed of 11.00 m/s from 7:00 to 10:00 on Friday.
2024-01-25 20:15:45,625 - __main__ - INFO - Email sent. For forecast of average windspeed of 8.08 m/s from 7:00 to 10:00 on Saturday.
2024-01-26 20:15:55,420 - __main__ - INFO - Email sent. For forecast of average windspeed of 12.83 m/s from 14:00 to 17:00 on Friday.
2024-01-26 20:15:56,359 - __main__ - INFO - Email sent. For forecast of average windspeed of 8.42 m/s from 11:00 to 14:00 on Sunday.
2024-01-27 20:15:25,912 - __main__ - INFO - Email sent. For forecast of average windspeed of 8.58 m/s from 16:00 to 19:00 on Sunday.
2024-01-28 20:14:47,669 - __main__ - INFO - Email sent. For forecast of average windspeed of 8.58 m/s from 17:00 to 20:00 on Sunday.
2024-01-29 20:16:38,585 - __main__ - INFO - Email sent. For forecast of average windspeed of 8.17 m/s from 12:00 to 15:00 on Wednesday.
2024-01-30 20:15:37,657 - __main__ - INFO - Email sent. For forecast of average windspeed of 9.08 m/s from 14:00 to 17:00 on Wednesday.
2024-01-30 20:15:38,984 - __main__ - INFO - Email sent. For forecast of average windspeed of 11.08 m/s from 7:00 to 10:00 on Thursday.
2024-01-31 20:15:43,902 - __main__ - INFO - Email sent. For forecast of average windspeed of 10.00 m/s from 14:00 to 17:00 on Wednesday.
2024-01-31 20:15:44,658 - __main__ - INFO - Email sent. For forecast of average windspeed of 11.17 m/s from 7:00 to 10:00 on Thursday.
2024-01-31 20:15:45,445 - __main__ - INFO - Email sent. For forecast of average windspeed of 8.42 m/s from 8:00 to 11:00 on Friday.
2024-02-01 20:15:50,003 - __main__ - INFO - Email sent. For forecast of average windspeed of 13.33 m/s from 14:00 to 17:00 on Thursday.
2024-02-01 20:15:50,518 - __main__ - INFO - Email sent. For forecast of average windspeed of 8.58 m/s from 10:00 to 13:00 on Friday.
2024-02-01 20:15:51,062 - __main__ - INFO - Email sent. For forecast of average windspeed of 8.17 m/s from 9:00 to 12:00 on Saturday.
2024-02-02 20:15:29,879 - __main__ - INFO - Email sent. For forecast of average windspeed of 9.67 m/s from 14:00 to 17:00 on Friday.
2024-02-02 20:15:31,135 - __main__ - INFO - Email sent. For forecast of average windspeed of 8.08 m/s from 10:00 to 13:00 on Saturday.
2024-02-02 20:15:33,347 - __main__ - INFO - Email sent. For forecast of average windspeed of 12.08 m/s from 7:00 to 10:00 on Sunday.
2024-02-03 20:16:26,561 - __main__ - INFO - Email sent. For forecast of average windspeed of 8.50 m/s from 14:00 to 17:00 on Saturday.
2024-02-03 20:16:27,303 - __main__ - INFO - Email sent. For forecast of average windspeed of 11.67 m/s from 7:00 to 10:00 on Sunday.
2024-02-03 20:16:28,052 - __main__ - INFO - Email sent. For forecast of average windspeed of 11.33 m/s from 7:00 to 10:00 on Monday.
